[12:12:20] [main/INFO]: Environment: authHost='https://authserver.mojang.com', accountsHost='https://api.mojang.com', sessionHost='https://sessionserver.mojang.com', servicesHost='https://api.minecraftservices.com', name='PROD'
[12:12:20] [main/INFO]: Reloading ResourceManager: Default, bukkit
[12:12:21] [Worker-Main-13/INFO]: Loaded 7 recipes
[12:12:22] [Server thread/INFO]: Starting minecraft server version 1.16.5
[12:12:22] [Server thread/INFO]: Loading properties
[12:12:23] [Server thread/INFO]: This server is running CraftBukkit version 3096a-Spigot-9fb885e-af1a232 (MC: 1.16.5) (Implementing API version 1.16.5-R0.1-SNAPSHOT)
[12:12:23] [Server thread/INFO]: Debug logging is disabled
[12:12:23] [Server thread/INFO]: Using 4 threads for Netty based IO
[12:12:23] [Server thread/INFO]: Server Ping Player Sample Count: 12
[12:12:23] [Server thread/INFO]: Default game type: SURVIVAL
[12:12:23] [Server thread/INFO]: Generating keypair
[12:12:23] [Server thread/INFO]: Starting Minecraft server on *:25565
[12:12:23] [Server thread/INFO]: Using default channel type
[12:12:25] [Server thread/INFO]: [LuckPerms] Loading LuckPerms v5.4.116
[12:12:25] [Server thread/INFO]: [StopCrafting] Loading StopCrafting v3.8.1
[12:12:25] [Server thread/INFO]: [Vault] Loading Vault v1.7.3-b131
[12:12:25] [Server thread/INFO]: [PlaceholderAPI] Loading PlaceholderAPI v2.11.5
[12:12:25] [Server thread/INFO]: [TAB] Loading TAB v4.1.2
[12:12:25] [Server thread/INFO]: [SimpleScore] Loading SimpleScore v3.12.5
[12:12:25] [Server thread/INFO]: [Essentials] Loading Essentials v2.21.0-dev+25-fbfd7e9
[12:12:25] [Server thread/INFO]: [ServerListPlus] Loading ServerListPlus v3.5.0
[12:12:25] [Server thread/INFO]: [EssentialsChat] Loading EssentialsChat v2.21.0-dev+25-fbfd7e9
[12:12:25] [Server thread/INFO]: [LuckPerms] Enabling LuckPerms v5.4.116
[12:12:26] [Server thread/INFO]: [0;36;1m       [0;36;22m __    [m
[12:12:26] [Server thread/INFO]: [0;36;1m  |    [0;36;22m|__)   [0;32;22mLuckPerms[m [0;36;1mv5.4.116[m
[12:12:26] [Server thread/INFO]: [0;36;1m  |___ [0;36;22m|      [0;30;1mRunning on Bukkit - CraftBukkit[m
[12:12:26] [Server thread/INFO]: [m
[12:12:26] [Server thread/INFO]: [LuckPerms] Loading configuration...
[12:12:26] [Server thread/INFO]: [LuckPerms] Loading storage provider... [H2]
[12:12:26] [Server thread/INFO]: [LuckPerms] Loading internal permission managers...
[12:12:26] [Server thread/INFO]: [LuckPerms] Performing initial data load...
[12:12:27] [Server thread/INFO]: [LuckPerms] Successfully enabled. (took 1511ms)
[12:12:27] [Server thread/INFO]: [Vault] Enabling Vault v1.7.3-b131
[12:12:27] [Server thread/WARN]: [Vault] Loaded class com.earth2me.essentials.api.Economy from Essentials v2.21.0-dev+25-fbfd7e9 which is not a depend, softdepend or loadbefore of this plugin.
[12:12:27] [Server thread/INFO]: [Vault] [Economy] Essentials Economy found: Waiting
[12:12:27] [Server thread/INFO]: [Vault] [Permission] SuperPermissions loaded as backup permission system.
[12:12:27] [Server thread/INFO]: [Vault] Enabled Version 1.7.3-b131
[12:12:27] [Server thread/INFO]: [LuckPerms] Registered Vault permission & chat hook.
[12:12:27] [Server thread/WARN]: **** SERVER IS RUNNING IN OFFLINE/INSECURE MODE!
[12:12:27] [Server thread/WARN]: The server will make no attempt to authenticate usernames. Beware.
[12:12:27] [Server thread/WARN]: While this makes the game possible to play without internet access, it also opens up the ability for hackers to connect with any username they choose.
[12:12:27] [Server thread/WARN]: To change this, set "online-mode" to "true" in the server.properties file.
[12:12:27] [Server thread/INFO]: Preparing level "world"
[12:12:27] [Server thread/INFO]: -------- World Settings For [world] --------
[12:12:27] [Server thread/INFO]: Entity Tracking Range: Pl 48 / An 48 / Mo 48 / Mi 32 / Other 64
[12:12:27] [Server thread/INFO]: Item Despawn Rate: 6000
[12:12:27] [Server thread/INFO]: Item Merge Radius: 2.5
[12:12:27] [Server thread/INFO]: Allow Zombie Pigmen to spawn from portal blocks: true
[12:12:27] [Server thread/INFO]: View Distance: 10
[12:12:27] [Server thread/INFO]: Entity Activation Range: An 32 / Mo 32 / Ra 48 / Mi 16 / Tiv true
[12:12:27] [Server thread/INFO]: Experience Merge Radius: 3.0
[12:12:27] [Server thread/INFO]: Mob Spawn Range: 6
[12:12:27] [Server thread/INFO]: Cactus Growth Modifier: 100%
[12:12:27] [Server thread/INFO]: Cane Growth Modifier: 100%
[12:12:27] [Server thread/INFO]: Melon Growth Modifier: 100%
[12:12:27] [Server thread/INFO]: Mushroom Growth Modifier: 100%
[12:12:27] [Server thread/INFO]: Pumpkin Growth Modifier: 100%
[12:12:27] [Server thread/INFO]: Sapling Growth Modifier: 100%
[12:12:27] [Server thread/INFO]: Beetroot Growth Modifier: 100%
[12:12:27] [Server thread/INFO]: Carrot Growth Modifier: 100%
[12:12:27] [Server thread/INFO]: Potato Growth Modifier: 100%
[12:12:27] [Server thread/INFO]: Wheat Growth Modifier: 100%
[12:12:27] [Server thread/INFO]: NetherWart Growth Modifier: 100%
[12:12:27] [Server thread/INFO]: Vine Growth Modifier: 100%
[12:12:27] [Server thread/INFO]: Cocoa Growth Modifier: 100%
[12:12:27] [Server thread/INFO]: Bamboo Growth Modifier: 100%
[12:12:27] [Server thread/INFO]: SweetBerry Growth Modifier: 100%
[12:12:27] [Server thread/INFO]: Kelp Growth Modifier: 100%
[12:12:27] [Server thread/INFO]: Max TNT Explosions: 100
[12:12:27] [Server thread/INFO]: Tile Max Tick Time: 50ms Entity max Tick Time: 50ms
[12:12:27] [Server thread/INFO]: Hopper Transfer: 8 Hopper Check: 1 Hopper Amount: 1
[12:12:27] [Server thread/INFO]: Zombie Aggressive Towards Villager: true
[12:12:27] [Server thread/INFO]: Nerfing mobs spawned from spawners: false
[12:12:27] [Server thread/INFO]: Arrow Despawn Rate: 1200 Trident Respawn Rate:1200
[12:12:27] [Server thread/INFO]: Custom Map Seeds:  Village: 10387312 Desert: 14357617 Igloo: 14357618 Jungle: 14357619 Swamp: 14357620 Monument: 10387313 Ocean: 14357621 Shipwreck: 165745295 End City: 10387313 Slime: 987234911 Bastion: 30084232 Fortress: 30084232 Mansion: 10387319 Fossil: 14357921 Portal: 34222645
[12:12:27] [Server thread/INFO]: -------- World Settings For [world_nether] --------
[12:12:27] [Server thread/INFO]: Entity Tracking Range: Pl 48 / An 48 / Mo 48 / Mi 32 / Other 64
[12:12:27] [Server thread/INFO]: Item Despawn Rate: 6000
[12:12:27] [Server thread/INFO]: Item Merge Radius: 2.5
[12:12:27] [Server thread/INFO]: Allow Zombie Pigmen to spawn from portal blocks: true
[12:12:27] [Server thread/INFO]: View Distance: 10
[12:12:27] [Server thread/INFO]: Entity Activation Range: An 32 / Mo 32 / Ra 48 / Mi 16 / Tiv true
[12:12:27] [Server thread/INFO]: Experience Merge Radius: 3.0
[12:12:27] [Server thread/INFO]: Mob Spawn Range: 6
[12:12:27] [Server thread/INFO]: Cactus Growth Modifier: 100%
[12:12:27] [Server thread/INFO]: Cane Growth Modifier: 100%
[12:12:27] [Server thread/INFO]: Melon Growth Modifier: 100%
[12:12:27] [Server thread/INFO]: Mushroom Growth Modifier: 100%
[12:12:27] [Server thread/INFO]: Pumpkin Growth Modifier: 100%
[12:12:27] [Server thread/INFO]: Sapling Growth Modifier: 100%
[12:12:27] [Server thread/INFO]: Beetroot Growth Modifier: 100%
[12:12:27] [Server thread/INFO]: Carrot Growth Modifier: 100%
[12:12:27] [Server thread/INFO]: Potato Growth Modifier: 100%
[12:12:27] [Server thread/INFO]: Wheat Growth Modifier: 100%
[12:12:27] [Server thread/INFO]: NetherWart Growth Modifier: 100%
[12:12:27] [Server thread/INFO]: Vine Growth Modifier: 100%
[12:12:27] [Server thread/INFO]: Cocoa Growth Modifier: 100%
[12:12:27] [Server thread/INFO]: Bamboo Growth Modifier: 100%
[12:12:27] [Server thread/INFO]: SweetBerry Growth Modifier: 100%
[12:12:27] [Server thread/INFO]: Kelp Growth Modifier: 100%
[12:12:27] [Server thread/INFO]: Max TNT Explosions: 100
[12:12:27] [Server thread/INFO]: Tile Max Tick Time: 50ms Entity max Tick Time: 50ms
[12:12:27] [Server thread/INFO]: Hopper Transfer: 8 Hopper Check: 1 Hopper Amount: 1
[12:12:27] [Server thread/INFO]: Zombie Aggressive Towards Villager: true
[12:12:27] [Server thread/INFO]: Nerfing mobs spawned from spawners: false
[12:12:27] [Server thread/INFO]: Arrow Despawn Rate: 1200 Trident Respawn Rate:1200
[12:12:27] [Server thread/INFO]: Custom Map Seeds:  Village: 10387312 Desert: 14357617 Igloo: 14357618 Jungle: 14357619 Swamp: 14357620 Monument: 10387313 Ocean: 14357621 Shipwreck: 165745295 End City: 10387313 Slime: 987234911 Bastion: 30084232 Fortress: 30084232 Mansion: 10387319 Fossil: 14357921 Portal: 34222645
[12:12:27] [Server thread/INFO]: -------- World Settings For [world_the_end] --------
[12:12:27] [Server thread/INFO]: Entity Tracking Range: Pl 48 / An 48 / Mo 48 / Mi 32 / Other 64
[12:12:27] [Server thread/INFO]: Item Despawn Rate: 6000
[12:12:27] [Server thread/INFO]: Item Merge Radius: 2.5
[12:12:27] [Server thread/INFO]: Allow Zombie Pigmen to spawn from portal blocks: true
[12:12:27] [Server thread/INFO]: View Distance: 10
[12:12:27] [Server thread/INFO]: Entity Activation Range: An 32 / Mo 32 / Ra 48 / Mi 16 / Tiv true
[12:12:27] [Server thread/INFO]: Experience Merge Radius: 3.0
[12:12:27] [Server thread/INFO]: Mob Spawn Range: 6
[12:12:27] [Server thread/INFO]: Cactus Growth Modifier: 100%
[12:12:27] [Server thread/INFO]: Cane Growth Modifier: 100%
[12:12:27] [Server thread/INFO]: Melon Growth Modifier: 100%
[12:12:27] [Server thread/INFO]: Mushroom Growth Modifier: 100%
[12:12:27] [Server thread/INFO]: Pumpkin Growth Modifier: 100%
[12:12:27] [Server thread/INFO]: Sapling Growth Modifier: 100%
[12:12:27] [Server thread/INFO]: Beetroot Growth Modifier: 100%
[12:12:27] [Server thread/INFO]: Carrot Growth Modifier: 100%
[12:12:27] [Server thread/INFO]: Potato Growth Modifier: 100%
[12:12:27] [Server thread/INFO]: Wheat Growth Modifier: 100%
[12:12:27] [Server thread/INFO]: NetherWart Growth Modifier: 100%
[12:12:27] [Server thread/INFO]: Vine Growth Modifier: 100%
[12:12:27] [Server thread/INFO]: Cocoa Growth Modifier: 100%
[12:12:27] [Server thread/INFO]: Bamboo Growth Modifier: 100%
[12:12:27] [Server thread/INFO]: SweetBerry Growth Modifier: 100%
[12:12:27] [Server thread/INFO]: Kelp Growth Modifier: 100%
[12:12:27] [Server thread/INFO]: Max TNT Explosions: 100
[12:12:27] [Server thread/INFO]: Tile Max Tick Time: 50ms Entity max Tick Time: 50ms
[12:12:27] [Server thread/INFO]: Hopper Transfer: 8 Hopper Check: 1 Hopper Amount: 1
[12:12:27] [Server thread/INFO]: Zombie Aggressive Towards Villager: true
[12:12:27] [Server thread/INFO]: Nerfing mobs spawned from spawners: false
[12:12:27] [Server thread/INFO]: Arrow Despawn Rate: 1200 Trident Respawn Rate:1200
[12:12:27] [Server thread/INFO]: Custom Map Seeds:  Village: 10387312 Desert: 14357617 Igloo: 14357618 Jungle: 14357619 Swamp: 14357620 Monument: 10387313 Ocean: 14357621 Shipwreck: 165745295 End City: 10387313 Slime: 987234911 Bastion: 30084232 Fortress: 30084232 Mansion: 10387319 Fossil: 14357921 Portal: 34222645
[12:12:27] [Server thread/INFO]: Preparing start region for dimension minecraft:overworld
[12:12:28] [Server thread/INFO]: Preparing spawn area: 0%
[12:12:28] [Server thread/INFO]: Preparing spawn area: 0%
[12:12:28] [Server thread/INFO]: Preparing spawn area: 0%
[12:12:28] [Server thread/INFO]: Time elapsed: 1457 ms
[12:12:28] [Server thread/INFO]: Preparing start region for dimension minecraft:the_nether
[12:12:29] [Server thread/INFO]: Preparing spawn area: 0%
[12:12:29] [Server thread/INFO]: Preparing spawn area: 0%
[12:12:29] [Worker-Main-11/INFO]: Preparing spawn area: 83%
[12:12:30] [Worker-Main-14/INFO]: Preparing spawn area: 83%
[12:12:30] [Worker-Main-8/INFO]: Preparing spawn area: 83%
[12:12:31] [Worker-Main-10/INFO]: Preparing spawn area: 98%
[12:12:31] [Server thread/INFO]: Time elapsed: 2538 ms
[12:12:31] [Server thread/INFO]: Preparing start region for dimension minecraft:the_end
[12:12:31] [Server thread/INFO]: Preparing spawn area: 0%
[12:12:31] [Server thread/INFO]: Time elapsed: 446 ms
[12:12:31] [Server thread/INFO]: [StopCrafting] Enabling StopCrafting v3.8.1
[12:12:31] [Server thread/WARN]: Initializing Legacy Material Support. Unless you have legacy plugins and/or data this is a bug!
[12:12:33] [Server thread/INFO]: [32m[StopCrafting] [StopCrafting] blocks HOPPER:0[0m
[12:12:33] [Server thread/INFO]: [32m[StopCrafting] [StopCrafting] blocks GOLDEN_APPLE:1[0m
[12:12:33] [Server thread/INFO]: [32m[StopCrafting] [StopCrafting] blocks WHITE_STAINED_GLASS:*[0m
[12:12:33] [Server thread/INFO]: [32m[StopCrafting] 1 commands found![0m
[12:12:33] [Server thread/INFO]: [32m[StopCrafting] Registered com.vk2gpz.stopcrafting.a.b[0m
[12:12:33] [Server thread/INFO]: [32m[StopCrafting] StopCrafting version 3.8.1 is Enabled[0m
[12:12:33] [Server thread/INFO]: [PlaceholderAPI] Enabling PlaceholderAPI v2.11.5
[12:12:33] [Server thread/INFO]: [PlaceholderAPI] Fetching available expansion information...
[12:12:33] [Server thread/INFO]: [TAB] Enabling TAB v4.1.2
[12:12:33] [Server thread/INFO]: [PlaceholderAPI] Successfully registered internal expansion: tab [4.1.2]
[12:12:33] [Server thread/INFO]: [TAB] [38;2;85;255;85mEnabled in 129ms[m
[12:12:33] [Server thread/INFO]: [SimpleScore] Enabling SimpleScore v3.12.5
[12:12:33] [Server thread/INFO]: [SimpleScore] It looks like your server doesn't have ProtocolLib, install ProtocolLib for even better performance and compatibility with other plugins.
[12:12:33] [Server thread/INFO]: [SimpleScore] https://www.spigotmc.org/resources/protocollib.1997/
[12:12:33] [Server thread/INFO]: [PlaceholderAPI] Successfully registered internal expansion: SimpleScore [3.12.5]
[12:12:33] [Server thread/INFO]: [Essentials] Enabling Essentials v2.21.0-dev+25-fbfd7e9
[12:12:33] [Server thread/INFO]: You are running a server with limited API functionality. EssentialsX will still work, but certain features may be disabled.
[12:12:33] [Server thread/INFO]: Attempting to convert old kits in config.yml to new kits.yml
[12:12:33] [Server thread/INFO]: No kits found to migrate.
[12:12:33] [Server thread/INFO]: Loaded 39095 items from items.json.
[12:12:33] [Server thread/INFO]: Using locale pt_BR
[12:12:33] [Server thread/INFO]: ServerListPingEvent: Spigot iterator API
[12:12:33] [Server thread/INFO]: Starting Metrics. Opt-out using the global bStats config.
[12:12:33] [Server thread/INFO]: [Vault] [Economy] Essentials Economy hooked.
[12:12:33] [Server thread/INFO]: Using Vault based permissions (LuckPerms)
[12:12:33] [Server thread/INFO]: [ServerListPlus] Enabling ServerListPlus v3.5.0
[12:12:33] [Server thread/ERROR]: [ServerListPlus] ProtocolLib IS NOT INSTALLED! Most features will NOT work! Alternatively, consider using Paper for full functionality without ProtocolLib!
[12:12:34] [Server thread/INFO]: [ServerListPlus] [Core] Reloading configuration...
[12:12:34] [Server thread/INFO]: [ServerListPlus] [Core] Loaded configuration: ServerStatusConf
[12:12:34] [Server thread/INFO]: [ServerListPlus] [Core] Loaded configuration: PluginConf
[12:12:34] [Server thread/INFO]: [ServerListPlus] [Core] Loaded configuration: BukkitConf
[12:12:34] [Server thread/ERROR]: [ServerListPlus] ProtocolLib IS NOT INSTALLED! Most features will NOT work! Alternatively, consider using Paper for full functionality without ProtocolLib!
[12:12:34] [Server thread/INFO]: [ServerListPlus] [Core] Reloading saved player identities...
[12:12:34] [Server thread/INFO]: [ServerListPlus] Successfully loaded!
[12:12:34] [Server thread/INFO]: [ServerListPlus] ServerListPlus v3.5.0 enabled.
[12:12:34] [Server thread/INFO]: [EssentialsChat] Enabling EssentialsChat v2.21.0-dev+25-fbfd7e9
[12:12:34] [Server thread/INFO]: Starting Metrics. Opt-out using the global bStats config.
[12:12:34] [Server thread/INFO]: Server permissions file permissions.yml is empty, ignoring it
[12:12:34] [Server thread/INFO]: [PlaceholderAPI] Placeholder expansion registration initializing...
[12:12:34] [Server thread/INFO]: Done (7.167s)! For help, type "help"
[12:12:34] [Server thread/INFO]: Essentials found a compatible payment resolution method: Vault Compatibility Layer (v1.7.3-b131)!
[12:12:34] [Craft Scheduler Thread - 2/INFO]: §6Buscando informações da versão...
[12:12:34] [Server thread/INFO]: [PlaceholderAPI] Successfully registered external expansion: player [2.0.7]
[12:12:34] [Server thread/INFO]: [PlaceholderAPI] Successfully registered external expansion: statistic [2.0.1]
[12:12:34] [Server thread/WARN]: [PlaceholderAPI] Loaded class net.milkbowl.vault.economy.Economy from Vault v1.7.3-b131 which is not a depend, softdepend or loadbefore of this plugin.
[12:12:34] [Server thread/INFO]: [PlaceholderAPI] Successfully registered external expansion: vault [1.8.1]
[12:12:34] [Server thread/INFO]: [0;32;1m3 placeholder hook(s) registered![m
[12:12:34] [Craft Scheduler Thread - 7/INFO]: [Vault] Checking for Updates ... 
[12:12:34] [Craft Scheduler Thread - 7/INFO]: [Vault] No new version available
[12:12:44] [User Authenticator #1/INFO]: UUID of player imrickss is 27a9dcde-6656-324b-b000-d3b1dfde5517
[12:12:46] [Server thread/INFO]: imrickss[/127.0.0.1:63347] logged in with entity id 113 at ([world]247.66764342734257, 64.0, 271.1252708011641)
[12:12:47] [Server thread/INFO]: imrickss lost connection: Disconnected
[12:12:47] [Server thread/INFO]: imrickss left the game
[12:12:52] [User Authenticator #2/INFO]: UUID of player suzymartelo is 158fdefa-e2c6-37e0-9496-b075fe584c58
[12:12:52] [Server thread/INFO]: suzymartelo[/0:0:0:0:0:0:0:1:63353] logged in with entity id 135 at ([world]241.83866562175956, 64.0, 276.44053213198237)
[12:12:52] [Server thread/INFO]: suzymartelo lost connection: Disconnected
[12:12:52] [Server thread/INFO]: suzymartelo left the game
